{"C:\\Users\\Acc1\\Desktop\\ISDI\\Bootcamp\\PROYECTO GRUPAL FRONTEND\\src\\App.tsx": {"path":"C:\\Users\\Acc1\\Desktop\\ISDI\\Bootcamp\\PROYECTO GRUPAL FRONTEND\\src\\App.tsx","statementMap":{"0":{"start":{"line":4,"column":4},"end":{"line":10,"column":6}}},"fnMap":{"0":{"name":"App","decl":{"start":{"line":3,"column":9},"end":{"line":3,"column":12}},"loc":{"start":{"line":3,"column":17},"end":{"line":11,"column":1}},"line":3}},"branchMap":{},"s":{"0":1},"f":{"0":1},"b":{},"_coverageSchema":"1a1c01bbd47fc00a2c39e90264f33305004495a9","hash":"da7cc4953826e5b58c442ba391afbf4b4aa2fbe8"}
,"C:\\Users\\Acc1\\Desktop\\ISDI\\Bootcamp\\PROYECTO GRUPAL FRONTEND\\src\\index.tsx": {"path":"C:\\Users\\Acc1\\Desktop\\ISDI\\Bootcamp\\PROYECTO GRUPAL FRONTEND\\src\\index.tsx","statementMap":{"0":{"start":{"line":6,"column":13},"end":{"line":8,"column":1}},"1":{"start":{"line":9,"column":0},"end":{"line":13,"column":2}},"2":{"start":{"line":15,"column":0},"end":{"line":15,"column":18}}},"fnMap":{},"branchMap":{},"s":{"0":0,"1":0,"2":0},"f":{},"b":{}}
,"C:\\Users\\Acc1\\Desktop\\ISDI\\Bootcamp\\PROYECTO GRUPAL FRONTEND\\src\\reportWebVitals.ts": {"path":"C:\\Users\\Acc1\\Desktop\\ISDI\\Bootcamp\\PROYECTO GRUPAL FRONTEND\\src\\reportWebVitals.ts","statementMap":{"0":{"start":{"line":3,"column":24},"end":{"line":15,"column":1}},"1":{"start":{"line":4,"column":4},"end":{"line":14,"column":5}},"2":{"start":{"line":5,"column":8},"end":{"line":13,"column":10}},"3":{"start":{"line":7,"column":16},"end":{"line":7,"column":36}},"4":{"start":{"line":8,"column":16},"end":{"line":8,"column":36}},"5":{"start":{"line":9,"column":16},"end":{"line":9,"column":36}},"6":{"start":{"line":10,"column":16},"end":{"line":10,"column":36}},"7":{"start":{"line":11,"column":16},"end":{"line":11,"column":37}}},"fnMap":{"0":{"name":"(anonymous_0)","decl":{"start":{"line":3,"column":24},"end":{"line":3,"column":25}},"loc":{"start":{"line":3,"column":57},"end":{"line":15,"column":1}},"line":3},"1":{"name":"(anonymous_1)","decl":{"start":{"line":6,"column":12},"end":{"line":6,"column":13}},"loc":{"start":{"line":6,"column":61},"end":{"line":12,"column":13}},"line":6}},"branchMap":{"0":{"loc":{"start":{"line":4,"column":4},"end":{"line":14,"column":5}},"type":"if","locations":[{"start":{"line":4,"column":4},"end":{"line":14,"column":5}},{"start":{},"end":{}}],"line":4},"1":{"loc":{"start":{"line":4,"column":8},"end":{"line":4,"column":54}},"type":"binary-expr","locations":[{"start":{"line":4,"column":8},"end":{"line":4,"column":19}},{"start":{"line":4,"column":23},"end":{"line":4,"column":54}}],"line":4}},"s":{"0":0,"1":0,"2":0,"3":0,"4":0,"5":0,"6":0,"7":0},"f":{"0":0,"1":0},"b":{"0":[0,0],"1":[0,0]}}
,"C:\\Users\\Acc1\\Desktop\\ISDI\\Bootcamp\\PROYECTO GRUPAL FRONTEND\\src\\pruebas\\APIFetch.tsx": {"path":"C:\\Users\\Acc1\\Desktop\\ISDI\\Bootcamp\\PROYECTO GRUPAL FRONTEND\\src\\pruebas\\APIFetch.tsx","statementMap":{"0":{"start":{"line":4,"column":33},"end":{"line":43,"column":1}},"1":{"start":{"line":5,"column":55},"end":{"line":5,"column":67}},"2":{"start":{"line":7,"column":8},"end":{"line":7,"column":22}},"3":{"start":{"line":9,"column":22},"end":{"line":20,"column":5}},"4":{"start":{"line":10,"column":8},"end":{"line":19,"column":15}},"5":{"start":{"line":12,"column":16},"end":{"line":12,"column":39}},"6":{"start":{"line":15,"column":16},"end":{"line":18,"column":25}},"7":{"start":{"line":16,"column":20},"end":{"line":16,"column":38}},"8":{"start":{"line":17,"column":20},"end":{"line":17,"column":38}},"9":{"start":{"line":22,"column":4},"end":{"line":24,"column":11}},"10":{"start":{"line":23,"column":8},"end":{"line":23,"column":20}},"11":{"start":{"line":26,"column":4},"end":{"line":42,"column":6}}},"fnMap":{"0":{"name":"(anonymous_0)","decl":{"start":{"line":4,"column":33},"end":{"line":4,"column":34}},"loc":{"start":{"line":4,"column":39},"end":{"line":43,"column":1}},"line":4},"1":{"name":"(anonymous_1)","decl":{"start":{"line":9,"column":22},"end":{"line":9,"column":23}},"loc":{"start":{"line":9,"column":34},"end":{"line":20,"column":5}},"line":9},"2":{"name":"(anonymous_2)","decl":{"start":{"line":11,"column":18},"end":{"line":11,"column":19}},"loc":{"start":{"line":11,"column":32},"end":{"line":13,"column":13}},"line":11},"3":{"name":"(anonymous_3)","decl":{"start":{"line":14,"column":18},"end":{"line":14,"column":19}},"loc":{"start":{"line":14,"column":37},"end":{"line":19,"column":13}},"line":14},"4":{"name":"(anonymous_4)","decl":{"start":{"line":15,"column":27},"end":{"line":15,"column":28}},"loc":{"start":{"line":15,"column":33},"end":{"line":18,"column":17}},"line":15},"5":{"name":"(anonymous_5)","decl":{"start":{"line":22,"column":14},"end":{"line":22,"column":15}},"loc":{"start":{"line":22,"column":20},"end":{"line":24,"column":5}},"line":22}},"branchMap":{"0":{"loc":{"start":{"line":28,"column":13},"end":{"line":40,"column":13}},"type":"cond-expr","locations":[{"start":{"line":29,"column":16},"end":{"line":31,"column":22}},{"start":{"line":33,"column":16},"end":{"line":39,"column":22}}],"line":28}},"s":{"0":0,"1":0,"2":0,"3":0,"4":0,"5":0,"6":0,"7":0,"8":0,"9":0,"10":0,"11":0},"f":{"0":0,"1":0,"2":0,"3":0,"4":0,"5":0},"b":{"0":[0,0]}}
,"C:\\Users\\Acc1\\Desktop\\ISDI\\Bootcamp\\PROYECTO GRUPAL FRONTEND\\src\\pruebas\\FilterInputTextData.tsx": {"path":"C:\\Users\\Acc1\\Desktop\\ISDI\\Bootcamp\\PROYECTO GRUPAL FRONTEND\\src\\pruebas\\FilterInputTextData.tsx","statementMap":{"0":{"start":{"line":3,"column":35},"end":{"line":103,"column":1}},"1":{"start":{"line":4,"column":48},"end":{"line":4,"column":66}},"2":{"start":{"line":5,"column":28},"end":{"line":5,"column":68}},"3":{"start":{"line":6,"column":29},"end":{"line":6,"column":57}},"4":{"start":{"line":7,"column":37},"end":{"line":7,"column":39}},"5":{"start":{"line":9,"column":4},"end":{"line":11,"column":7}},"6":{"start":{"line":10,"column":8},"end":{"line":10,"column":65}},"7":{"start":{"line":13,"column":27},"end":{"line":13,"column":29}},"8":{"start":{"line":14,"column":4},"end":{"line":16,"column":7}},"9":{"start":{"line":15,"column":8},"end":{"line":15,"column":56}},"10":{"start":{"line":18,"column":4},"end":{"line":22,"column":5}},"11":{"start":{"line":18,"column":17},"end":{"line":18,"column":18}},"12":{"start":{"line":19,"column":8},"end":{"line":21,"column":9}},"13":{"start":{"line":20,"column":12},"end":{"line":20,"column":48}},"14":{"start":{"line":24,"column":24},"end":{"line":84,"column":5}},"15":{"start":{"line":86,"column":24},"end":{"line":86,"column":34}},"16":{"start":{"line":87,"column":4},"end":{"line":87,"column":53}},"17":{"start":{"line":89,"column":4},"end":{"line":89,"column":27}},"18":{"start":{"line":91,"column":4},"end":{"line":102,"column":6}},"19":{"start":{"line":98,"column":20},"end":{"line":98,"column":54}}},"fnMap":{"0":{"name":"(anonymous_0)","decl":{"start":{"line":3,"column":35},"end":{"line":3,"column":36}},"loc":{"start":{"line":3,"column":41},"end":{"line":103,"column":1}},"line":3},"1":{"name":"(anonymous_1)","decl":{"start":{"line":9,"column":31},"end":{"line":9,"column":32}},"loc":{"start":{"line":9,"column":50},"end":{"line":11,"column":5}},"line":9},"2":{"name":"(anonymous_2)","decl":{"start":{"line":14,"column":34},"end":{"line":14,"column":35}},"loc":{"start":{"line":14,"column":63},"end":{"line":16,"column":5}},"line":14},"3":{"name":"(anonymous_3)","decl":{"start":{"line":97,"column":26},"end":{"line":97,"column":27}},"loc":{"start":{"line":97,"column":33},"end":{"line":99,"column":17}},"line":97}},"branchMap":{"0":{"loc":{"start":{"line":19,"column":8},"end":{"line":21,"column":9}},"type":"if","locations":[{"start":{"line":19,"column":8},"end":{"line":21,"column":9}},{"start":{},"end":{}}],"line":19}},"s":{"0":1,"1":1,"2":1,"3":1,"4":1,"5":1,"6":5,"7":1,"8":1,"9":5,"10":1,"11":1,"12":20,"13":15,"14":1,"15":1,"16":1,"17":1,"18":1,"19":0},"f":{"0":1,"1":5,"2":5,"3":0},"b":{"0":[15,5]},"_coverageSchema":"1a1c01bbd47fc00a2c39e90264f33305004495a9","hash":"d3911126cb9b2d4b462ac10875030435ec5a3257"}
}
