TN:
SF:src\App.tsx
FN:3,App
FNF:1
FNH:1
FNDA:1,App
DA:4,1
LF:1
LH:1
BRF:0
BRH:0
end_of_record
TN:
SF:src\index.tsx
FNF:0
FNH:0
DA:6,0
DA:9,0
DA:15,0
LF:3
LH:0
BRF:0
BRH:0
end_of_record
TN:
SF:src\reportWebVitals.ts
FN:3,(anonymous_0)
FN:6,(anonymous_1)
FNF:2
FNH:0
FNDA:0,(anonymous_0)
FNDA:0,(anonymous_1)
DA:3,0
DA:4,0
DA:5,0
DA:7,0
DA:8,0
DA:9,0
DA:10,0
DA:11,0
LF:8
LH:0
BRDA:4,0,0,0
BRDA:4,0,1,0
BRDA:4,1,0,0
BRDA:4,1,1,0
BRF:4
BRH:0
end_of_record
TN:
SF:src\pruebas\APIFetch.tsx
FN:4,(anonymous_0)
FN:9,(anonymous_1)
FN:11,(anonymous_2)
FN:14,(anonymous_3)
FN:15,(anonymous_4)
FN:22,(anonymous_5)
FNF:6
FNH:0
FNDA:0,(anonymous_0)
FNDA:0,(anonymous_1)
FNDA:0,(anonymous_2)
FNDA:0,(anonymous_3)
FNDA:0,(anonymous_4)
FNDA:0,(anonymous_5)
DA:4,0
DA:5,0
DA:7,0
DA:9,0
DA:10,0
DA:12,0
DA:15,0
DA:16,0
DA:17,0
DA:22,0
DA:23,0
DA:26,0
LF:12
LH:0
BRDA:28,0,0,0
BRDA:28,0,1,0
BRF:2
BRH:0
end_of_record
TN:
SF:src\pruebas\FilterInputTextData.tsx
FN:3,(anonymous_0)
FN:9,(anonymous_1)
FN:14,(anonymous_2)
FN:97,(anonymous_3)
FNF:4
FNH:3
FNDA:1,(anonymous_0)
FNDA:5,(anonymous_1)
FNDA:5,(anonymous_2)
FNDA:0,(anonymous_3)
DA:3,1
DA:4,1
DA:5,1
DA:6,1
DA:7,1
DA:9,1
DA:10,5
DA:13,1
DA:14,1
DA:15,5
DA:18,1
DA:19,20
DA:20,15
DA:24,1
DA:86,1
DA:87,1
DA:89,1
DA:91,1
DA:98,0
LF:19
LH:18
BRDA:19,0,0,15
BRDA:19,0,1,5
BRF:2
BRH:2
end_of_record
